<?xml version="1.0" encoding="UTF-8"?>
<!-- Generated by org.testng.reporters.JUnitReportReporter -->
<testsuite skipped="0" hostname="kiv-wks-tt136" name="MainPageTest" tests="3" failures="0" timestamp="2019-05-07T17:04:03 EEST" time="40.102" errors="0">
  <testcase name="AccountRegistrationOpenPopUp" time="11.604" classname="MainPageTest"/>
  <testcase name="AccountRegistrationBtnClicked" time="13.203" classname="MainPageTest"/>
  <testcase name="AccountCreation" time="15.295" classname="MainPageTest"/>
</testsuite> <!-- MainPageTest -->
